2016-11-18 13:16:50,781 INFO  * Running on http://0.0.0.0:5000/ (Press CTRL+C to quit)
2016-11-18 13:16:50,783 INFO  * Restarting with stat
2016-11-18 13:16:52,292 WARNING  * Debugger is active!
2016-11-18 13:16:52,295 INFO  * Debugger pin code: 202-738-941
2016-11-18 13:17:59,827 INFO  * Detected change in '/home/forlinux/4521-Python/HandsOn/Aula10/run.py', reloading
2016-11-18 13:17:59,932 INFO  * Restarting with stat
[18/11/2016 - 13:18:01] WARNING  * Debugger is active!
[18/11/2016 - 13:18:01] INFO  * Debugger pin code: 202-738-941
[18/11/2016 - 13:18:06] INFO  * Running on http://0.0.0.0:5000/ (Press CTRL+C to quit)
[18/11/2016 - 13:18:06] INFO  * Restarting with stat
[18/11/2016 - 13:18:07] WARNING  * Debugger is active!
[18/11/2016 - 13:18:07] INFO  * Debugger pin code: 202-738-941
[18/11/2016 - 13:20:09] INFO Aplicacao iniciada.
[18/11/2016 - 13:20:10] INFO  * Running on http://0.0.0.0:5000/ (Press CTRL+C to quit)
[18/11/2016 - 13:20:10] INFO  * Restarting with stat
[18/11/2016 - 13:20:11] INFO Aplicacao iniciada.
[18/11/2016 - 13:20:11] WARNING  * Debugger is active!
[18/11/2016 - 13:20:11] INFO  * Debugger pin code: 202-738-941
[18/11/2016 - 13:20:51] INFO Starting new HTTP connection (1): 192.168.0.2
[18/11/2016 - 13:20:51] INFO 127.0.0.1 - - [18/Nov/2016 13:20:51] "GET / HTTP/1.1" 200 -
[18/11/2016 - 13:20:51] INFO 127.0.0.1 - - [18/Nov/2016 13:20:51] "GET /static/css/bootstrap.min.css HTTP/1.1" 304 -
[18/11/2016 - 13:20:51] INFO 127.0.0.1 - - [18/Nov/2016 13:20:51] "GET /static/js/jquery.js HTTP/1.1" 304 -
[18/11/2016 - 13:20:51] INFO 127.0.0.1 - - [18/Nov/2016 13:20:51] "GET /static/js/docker.js HTTP/1.1" 304 -
[18/11/2016 - 13:20:54] INFO Starting new HTTP connection (1): 192.168.0.2
[18/11/2016 - 13:20:55] INFO 127.0.0.1 - - [18/Nov/2016 13:20:55] "GET /start/71d17e7459df610ee340a9ede363df2f769135a65d8e987c874781b08ee8d32a HTTP/1.1" 200 -
[18/11/2016 - 13:20:56] INFO Starting new HTTP connection (1): 192.168.0.2
[18/11/2016 - 13:20:56] INFO 127.0.0.1 - - [18/Nov/2016 13:20:56] "GET / HTTP/1.1" 200 -
[18/11/2016 - 13:23:10] INFO  * Detected change in '/home/forlinux/4521-Python/HandsOn/Aula10/run.py', reloading
[18/11/2016 - 13:23:11] INFO  * Restarting with stat
[18/11/2016 - 13:23:12] INFO Aplicacao iniciada.
[18/11/2016 - 13:23:12] WARNING  * Debugger is active!
[18/11/2016 - 13:23:12] INFO  * Debugger pin code: 202-738-941
[18/11/2016 - 13:24:23] INFO  * Detected change in '/home/forlinux/4521-Python/HandsOn/Aula10/run.py', reloading
[18/11/2016 - 13:24:24] INFO  * Restarting with stat
[18/11/2016 - 13:24:25] INFO Aplicacao iniciada.
[18/11/2016 - 13:24:25] WARNING  * Debugger is active!
[18/11/2016 - 13:24:25] INFO  * Debugger pin code: 202-738-941
[18/11/2016 - 13:24:53] INFO  * Detected change in '/home/forlinux/4521-Python/HandsOn/Aula10/run.py', reloading
[18/11/2016 - 13:24:53] INFO  * Restarting with stat
[18/11/2016 - 13:24:54] INFO Aplicacao iniciada.
[18/11/2016 - 13:24:54] WARNING  * Debugger is active!
[18/11/2016 - 13:24:54] INFO  * Debugger pin code: 202-738-941
[18/11/2016 - 13:25:19] INFO Aplicacao iniciada.
[18/11/2016 - 13:25:19] INFO  * Running on http://0.0.0.0:5000/ (Press CTRL+C to quit)
[18/11/2016 - 13:25:19] INFO  * Restarting with stat
[18/11/2016 - 13:25:20] INFO Aplicacao iniciada.
[18/11/2016 - 13:25:20] WARNING  * Debugger is active!
[18/11/2016 - 13:25:20] INFO  * Debugger pin code: 202-738-941
[18/11/2016 - 13:26:41] INFO Starting new HTTP connection (1): 192.168.0.2
[18/11/2016 - 13:26:42] INFO Container iniciado. ID: 7d1c8a4e77ddd74cf562f25e75d2033196e83f03aa11e44330d76e4089667350.
[18/11/2016 - 13:26:42] INFO 127.0.0.1 - - [18/Nov/2016 13:26:42] "GET /start/7d1c8a4e77ddd74cf562f25e75d2033196e83f03aa11e44330d76e4089667350 HTTP/1.1" 200 -
[18/11/2016 - 13:26:54] INFO Pagina index acessada.
[18/11/2016 - 13:26:54] INFO Starting new HTTP connection (1): 192.168.0.2
[18/11/2016 - 13:26:54] INFO 127.0.0.1 - - [18/Nov/2016 13:26:54] "GET / HTTP/1.1" 200 -
[18/11/2016 - 13:26:57] INFO Starting new HTTP connection (1): 192.168.0.2
[18/11/2016 - 13:26:58] WARNING Container desligado. ID: 71d17e7459df610ee340a9ede363df2f769135a65d8e987c874781b08ee8d32a.
[18/11/2016 - 13:26:58] INFO 127.0.0.1 - - [18/Nov/2016 13:26:58] "GET /stop/71d17e7459df610ee340a9ede363df2f769135a65d8e987c874781b08ee8d32a HTTP/1.1" 200 -
[18/11/2016 - 13:35:19] INFO Pagina index acessada.
[18/11/2016 - 13:35:19] INFO Starting new HTTP connection (1): 192.168.0.2
[18/11/2016 - 13:35:19] INFO 127.0.0.1 - - [18/Nov/2016 13:35:19] "GET / HTTP/1.1" 200 -
[18/11/2016 - 13:51:02] INFO  * Detected change in '/home/forlinux/4521-Python/HandsOn/Aula10/run.py', reloading
[18/11/2016 - 13:51:02] INFO  * Restarting with stat
[18/11/2016 - 13:51:04] INFO Aplicacao iniciada.
[18/11/2016 - 13:51:04] WARNING  * Debugger is active!
[18/11/2016 - 13:51:04] INFO  * Debugger pin code: 202-738-941
[18/11/2016 - 13:51:41] INFO  * Detected change in '/home/forlinux/4521-Python/HandsOn/Aula10/run.py', reloading
[18/11/2016 - 13:51:41] INFO  * Restarting with stat
[18/11/2016 - 13:51:43] INFO Aplicacao iniciada.
[18/11/2016 - 13:51:43] WARNING  * Debugger is active!
[18/11/2016 - 13:51:43] INFO  * Debugger pin code: 202-738-941
[18/11/2016 - 13:51:47] INFO  * Detected change in '/home/forlinux/4521-Python/HandsOn/Aula10/run.py', reloading
[18/11/2016 - 13:51:47] INFO  * Restarting with stat
[18/11/2016 - 13:51:49] INFO Aplicacao iniciada.
[18/11/2016 - 13:51:49] WARNING  * Debugger is active!
[18/11/2016 - 13:51:49] INFO  * Debugger pin code: 202-738-941
[18/11/2016 - 13:53:32] INFO  * Detected change in '/home/forlinux/4521-Python/HandsOn/Aula10/run.py', reloading
[18/11/2016 - 13:53:32] INFO  * Restarting with stat
[18/11/2016 - 13:53:34] INFO Aplicacao iniciada.
[18/11/2016 - 13:53:34] WARNING  * Debugger is active!
[18/11/2016 - 13:53:34] INFO  * Debugger pin code: 202-738-941
[18/11/2016 - 13:54:05] INFO  * Detected change in '/home/forlinux/4521-Python/HandsOn/Aula10/run.py', reloading
[18/11/2016 - 13:54:06] INFO  * Restarting with stat
[18/11/2016 - 13:54:08] INFO Aplicacao iniciada.
[18/11/2016 - 13:54:08] WARNING  * Debugger is active!
[18/11/2016 - 13:54:08] INFO  * Debugger pin code: 202-738-941
[18/11/2016 - 13:54:40] INFO  * Detected change in '/home/forlinux/4521-Python/HandsOn/Aula10/run.py', reloading
[18/11/2016 - 13:54:40] INFO  * Restarting with stat
[18/11/2016 - 13:54:42] INFO Aplicacao iniciada.
[18/11/2016 - 13:54:42] WARNING  * Debugger is active!
[18/11/2016 - 13:54:42] INFO  * Debugger pin code: 202-738-941
[18/11/2016 - 13:55:48] INFO  * Detected change in '/home/forlinux/4521-Python/HandsOn/Aula10/run.py', reloading
[18/11/2016 - 13:55:48] INFO  * Restarting with stat
[18/11/2016 - 13:55:50] INFO Aplicacao iniciada.
[18/11/2016 - 13:55:50] WARNING  * Debugger is active!
[18/11/2016 - 13:55:50] INFO  * Debugger pin code: 202-738-941
[18/11/2016 - 13:57:43] INFO  * Detected change in '/home/forlinux/4521-Python/HandsOn/Aula10/run.py', reloading
[18/11/2016 - 13:57:43] INFO  * Restarting with stat
[18/11/2016 - 13:57:45] INFO Aplicacao iniciada.
[18/11/2016 - 13:57:45] WARNING  * Debugger is active!
[18/11/2016 - 13:57:45] INFO  * Debugger pin code: 202-738-941
[18/11/2016 - 13:58:08] INFO  * Detected change in '/home/forlinux/4521-Python/HandsOn/Aula10/run.py', reloading
[18/11/2016 - 13:58:08] INFO  * Restarting with stat
[18/11/2016 - 13:58:11] INFO Aplicacao iniciada.
[18/11/2016 - 13:58:11] WARNING  * Debugger is active!
[18/11/2016 - 13:58:11] INFO  * Debugger pin code: 202-738-941
[18/11/2016 - 13:58:28] INFO  * Detected change in '/home/forlinux/4521-Python/HandsOn/Aula10/run.py', reloading
[18/11/2016 - 13:58:28] INFO  * Restarting with stat
[18/11/2016 - 13:58:31] INFO Aplicacao iniciada.
[18/11/2016 - 13:58:31] WARNING  * Debugger is active!
[18/11/2016 - 13:58:31] INFO  * Debugger pin code: 202-738-941
